mode: count
github.com/meshplus/pier/pkg/plugins/grpc.go:21.105,22.23 1 1
github.com/meshplus/pier/pkg/plugins/grpc.go:25.98,28.2 2 1
github.com/meshplus/pier/pkg/plugins/grpc.go:30.75,33.2 2 1
github.com/meshplus/pier/pkg/plugins/grpc.go:35.74,38.2 2 1
github.com/meshplus/pier/pkg/plugins/grpc.go:40.91,44.6 3 1
github.com/meshplus/pier/pkg/plugins/grpc.go:44.6,45.10 1 1
github.com/meshplus/pier/pkg/plugins/grpc.go:46.21,47.14 1 0
github.com/meshplus/pier/pkg/plugins/grpc.go:48.28,49.11 1 1
github.com/meshplus/pier/pkg/plugins/grpc.go:53.4,53.51 1 0
github.com/meshplus/pier/pkg/plugins/grpc.go:49.11,52.5 2 1
github.com/meshplus/pier/pkg/plugins/grpc.go:53.51,54.43 1 0
github.com/meshplus/pier/pkg/plugins/grpc.go:58.5,58.15 1 0
github.com/meshplus/pier/pkg/plugins/grpc.go:54.43,57.6 2 0
github.com/meshplus/pier/pkg/plugins/grpc.go:59.49,61.5 1 0
github.com/meshplus/pier/pkg/plugins/grpc.go:66.112,68.2 1 2
github.com/meshplus/pier/pkg/plugins/grpc.go:70.109,74.6 3 1
github.com/meshplus/pier/pkg/plugins/grpc.go:74.6,75.10 1 0
github.com/meshplus/pier/pkg/plugins/grpc.go:76.21,77.14 1 0
github.com/meshplus/pier/pkg/plugins/grpc.go:78.23,79.11 1 0
github.com/meshplus/pier/pkg/plugins/grpc.go:83.4,83.51 1 0
github.com/meshplus/pier/pkg/plugins/grpc.go:79.11,82.5 2 0
github.com/meshplus/pier/pkg/plugins/grpc.go:83.51,84.42 1 0
github.com/meshplus/pier/pkg/plugins/grpc.go:88.5,88.15 1 0
github.com/meshplus/pier/pkg/plugins/grpc.go:84.42,87.6 2 0
github.com/meshplus/pier/pkg/plugins/grpc.go:89.49,91.5 1 0
github.com/meshplus/pier/pkg/plugins/grpc.go:96.104,98.2 1 1
github.com/meshplus/pier/pkg/plugins/grpc.go:100.112,102.2 1 1
github.com/meshplus/pier/pkg/plugins/grpc.go:104.120,106.2 1 1
github.com/meshplus/pier/pkg/plugins/grpc.go:108.100,110.2 1 1
github.com/meshplus/pier/pkg/plugins/grpc.go:112.104,114.2 1 1
github.com/meshplus/pier/pkg/plugins/grpc.go:116.89,118.16 2 2
github.com/meshplus/pier/pkg/plugins/grpc.go:122.2,124.8 1 1
github.com/meshplus/pier/pkg/plugins/grpc.go:118.16,120.3 1 1
github.com/meshplus/pier/pkg/plugins/grpc.go:127.90,129.16 2 2
github.com/meshplus/pier/pkg/plugins/grpc.go:133.2,135.8 1 1
github.com/meshplus/pier/pkg/plugins/grpc.go:129.16,131.3 1 1
github.com/meshplus/pier/pkg/plugins/grpc.go:138.95,140.16 2 2
github.com/meshplus/pier/pkg/plugins/grpc.go:144.2,146.8 1 1
github.com/meshplus/pier/pkg/plugins/grpc.go:140.16,142.3 1 1
github.com/meshplus/pier/pkg/plugins/grpc.go:149.108,151.16 2 1
github.com/meshplus/pier/pkg/plugins/grpc.go:155.2,157.8 1 1
github.com/meshplus/pier/pkg/plugins/grpc.go:151.16,153.3 1 0
github.com/meshplus/pier/pkg/plugins/grpc.go:160.87,162.2 1 1
github.com/meshplus/pier/pkg/plugins/grpc.go:164.102,166.16 2 1
github.com/meshplus/pier/pkg/plugins/grpc.go:170.2,172.8 1 1
github.com/meshplus/pier/pkg/plugins/grpc.go:166.16,168.3 1 0
github.com/meshplus/pier/pkg/plugins/grpc.go:175.120,177.16 2 1
github.com/meshplus/pier/pkg/plugins/grpc.go:181.2,185.8 1 1
github.com/meshplus/pier/pkg/plugins/grpc.go:177.16,179.3 1 0
github.com/meshplus/pier/pkg/plugins/grpc.go:188.100,190.16 2 1
github.com/meshplus/pier/pkg/plugins/grpc.go:194.2,197.8 1 1
github.com/meshplus/pier/pkg/plugins/grpc.go:190.16,192.3 1 0
github.com/meshplus/pier/pkg/plugins/grpc.go:200.153,202.16 2 1
github.com/meshplus/pier/pkg/plugins/grpc.go:206.2,210.8 1 1
github.com/meshplus/pier/pkg/plugins/grpc.go:202.16,204.3 1 0
github.com/meshplus/pier/pkg/plugins/grpc.go:213.81,217.2 1 1
github.com/meshplus/pier/pkg/plugins/grpc.go:219.81,223.2 1 1
github.com/meshplus/pier/pkg/plugins/grpc.go:233.72,238.16 2 2
github.com/meshplus/pier/pkg/plugins/grpc.go:241.2,241.12 1 1
github.com/meshplus/pier/pkg/plugins/grpc.go:238.16,240.3 1 1
github.com/meshplus/pier/pkg/plugins/grpc.go:244.36,246.16 2 2
github.com/meshplus/pier/pkg/plugins/grpc.go:249.2,249.12 1 1
github.com/meshplus/pier/pkg/plugins/grpc.go:246.16,248.3 1 1
github.com/meshplus/pier/pkg/plugins/grpc.go:252.35,254.16 2 2
github.com/meshplus/pier/pkg/plugins/grpc.go:257.2,258.12 2 1
github.com/meshplus/pier/pkg/plugins/grpc.go:254.16,256.3 1 1
github.com/meshplus/pier/pkg/plugins/grpc.go:261.48,263.16 2 2
github.com/meshplus/pier/pkg/plugins/grpc.go:268.2,271.14 3 1
github.com/meshplus/pier/pkg/plugins/grpc.go:263.16,265.21 1 1
github.com/meshplus/pier/pkg/plugins/grpc.go:274.95,276.2 1 1
github.com/meshplus/pier/pkg/plugins/grpc.go:278.67,280.16 2 1
github.com/meshplus/pier/pkg/plugins/grpc.go:283.2,285.16 3 0
github.com/meshplus/pier/pkg/plugins/grpc.go:280.16,281.13 1 1
github.com/meshplus/pier/pkg/plugins/grpc.go:288.77,292.2 3 1
github.com/meshplus/pier/pkg/plugins/grpc.go:294.58,296.16 2 0
github.com/meshplus/pier/pkg/plugins/grpc.go:301.2,302.12 2 0
github.com/meshplus/pier/pkg/plugins/grpc.go:329.2,329.14 1 0
github.com/meshplus/pier/pkg/plugins/grpc.go:296.16,298.21 1 0
github.com/meshplus/pier/pkg/plugins/grpc.go:302.12,304.7 2 0
github.com/meshplus/pier/pkg/plugins/grpc.go:304.7,309.51 2 0
github.com/meshplus/pier/pkg/plugins/grpc.go:321.4,321.11 1 0
github.com/meshplus/pier/pkg/plugins/grpc.go:309.51,311.19 2 0
github.com/meshplus/pier/pkg/plugins/grpc.go:316.5,316.15 1 0
github.com/meshplus/pier/pkg/plugins/grpc.go:311.19,315.6 2 0
github.com/meshplus/pier/pkg/plugins/grpc.go:317.49,319.5 1 0
github.com/meshplus/pier/pkg/plugins/grpc.go:322.32,323.11 1 0
github.com/meshplus/pier/pkg/plugins/grpc.go:324.23,324.23 0 0
github.com/meshplus/pier/pkg/plugins/grpc.go:332.100,335.6 2 1
github.com/meshplus/pier/pkg/plugins/grpc.go:335.6,340.50 2 11
github.com/meshplus/pier/pkg/plugins/grpc.go:352.3,352.10 1 11
github.com/meshplus/pier/pkg/plugins/grpc.go:340.50,342.18 2 11
github.com/meshplus/pier/pkg/plugins/grpc.go:347.4,347.14 1 11
github.com/meshplus/pier/pkg/plugins/grpc.go:342.18,346.5 2 0
github.com/meshplus/pier/pkg/plugins/grpc.go:348.48,350.4 1 0
github.com/meshplus/pier/pkg/plugins/grpc.go:353.31,354.10 1 0
github.com/meshplus/pier/pkg/plugins/grpc.go:355.22,355.22 0 10
github.com/meshplus/pier/pkg/plugins/grpc.go:360.132,363.6 2 1
github.com/meshplus/pier/pkg/plugins/grpc.go:363.6,368.50 2 1
github.com/meshplus/pier/pkg/plugins/grpc.go:380.3,380.10 1 0
github.com/meshplus/pier/pkg/plugins/grpc.go:368.50,370.18 2 1
github.com/meshplus/pier/pkg/plugins/grpc.go:375.4,375.14 1 0
github.com/meshplus/pier/pkg/plugins/grpc.go:370.18,374.5 2 0
github.com/meshplus/pier/pkg/plugins/grpc.go:376.48,378.4 1 0
github.com/meshplus/pier/pkg/plugins/grpc.go:381.31,382.10 1 0
github.com/meshplus/pier/pkg/plugins/grpc.go:383.23,384.54 1 0
github.com/meshplus/pier/pkg/plugins/grpc.go:389.192,392.39 3 1
github.com/meshplus/pier/pkg/plugins/grpc.go:410.2,410.22 1 1
github.com/meshplus/pier/pkg/plugins/grpc.go:392.39,402.17 2 2
github.com/meshplus/pier/pkg/plugins/grpc.go:407.3,407.13 1 1
github.com/meshplus/pier/pkg/plugins/grpc.go:402.17,406.4 2 1
github.com/meshplus/pier/pkg/plugins/grpc.go:413.173,416.39 3 1
github.com/meshplus/pier/pkg/plugins/grpc.go:433.2,433.22 1 1
github.com/meshplus/pier/pkg/plugins/grpc.go:416.39,425.17 2 2
github.com/meshplus/pier/pkg/plugins/grpc.go:430.3,430.13 1 1
github.com/meshplus/pier/pkg/plugins/grpc.go:425.17,429.4 2 1
github.com/meshplus/pier/pkg/plugins/grpc.go:436.86,441.2 1 1
github.com/meshplus/pier/pkg/plugins/grpc.go:443.90,448.2 1 2
github.com/meshplus/pier/pkg/plugins/grpc.go:450.61,452.16 2 2
github.com/meshplus/pier/pkg/plugins/grpc.go:456.2,456.27 1 1
github.com/meshplus/pier/pkg/plugins/grpc.go:452.16,454.3 1 1
github.com/meshplus/pier/pkg/plugins/grpc.go:459.62,461.16 2 2
github.com/meshplus/pier/pkg/plugins/grpc.go:465.2,465.26 1 1
github.com/meshplus/pier/pkg/plugins/grpc.go:468.2,468.27 1 1
github.com/meshplus/pier/pkg/plugins/grpc.go:461.16,463.3 1 1
github.com/meshplus/pier/pkg/plugins/grpc.go:465.26,467.3 1 1
github.com/meshplus/pier/pkg/plugins/grpc.go:471.67,473.16 2 2
github.com/meshplus/pier/pkg/plugins/grpc.go:477.2,477.27 1 1
github.com/meshplus/pier/pkg/plugins/grpc.go:473.16,475.3 1 1
github.com/meshplus/pier/pkg/plugins/grpc.go:480.70,482.16 2 2
github.com/meshplus/pier/pkg/plugins/grpc.go:486.2,486.27 1 1
github.com/meshplus/pier/pkg/plugins/grpc.go:482.16,484.3 1 1
github.com/meshplus/pier/pkg/plugins/grpc.go:489.54,491.16 2 2
github.com/meshplus/pier/pkg/plugins/grpc.go:495.2,495.35 1 1
github.com/meshplus/pier/pkg/plugins/grpc.go:491.16,493.3 1 1
github.com/meshplus/pier/pkg/plugins/grpc.go:498.86,500.16 2 2
github.com/meshplus/pier/pkg/plugins/grpc.go:504.2,504.70 1 1
github.com/meshplus/pier/pkg/plugins/grpc.go:500.16,502.3 1 1
github.com/meshplus/pier/pkg/plugins/grpc.go:507.59,509.16 2 2
github.com/meshplus/pier/pkg/plugins/grpc.go:513.2,513.49 1 1
github.com/meshplus/pier/pkg/plugins/grpc.go:509.16,511.3 1 1
github.com/meshplus/pier/pkg/plugins/grpc.go:516.90,518.16 2 2
github.com/meshplus/pier/pkg/plugins/grpc.go:522.2,522.89 1 1
github.com/meshplus/pier/pkg/plugins/grpc.go:518.16,520.3 1 1
github.com/meshplus/pier/pkg/plugins/grpc.go:525.36,527.16 2 2
github.com/meshplus/pier/pkg/plugins/grpc.go:531.2,531.22 1 1
github.com/meshplus/pier/pkg/plugins/grpc.go:527.16,529.3 1 1
github.com/meshplus/pier/pkg/plugins/grpc.go:534.36,536.16 2 2
github.com/meshplus/pier/pkg/plugins/grpc.go:540.2,540.22 1 1
github.com/meshplus/pier/pkg/plugins/grpc.go:536.16,538.3 1 1
github.com/meshplus/pier/pkg/plugins/plugin.go:36.90,39.2 2 1
github.com/meshplus/pier/pkg/plugins/plugin.go:41.130,46.2 1 1
github.com/meshplus/pier/pkg/plugins/start.go:19.96,22.16 2 1
github.com/meshplus/pier/pkg/plugins/start.go:25.2,39.16 5 1
github.com/meshplus/pier/pkg/plugins/start.go:44.2,45.16 2 0
github.com/meshplus/pier/pkg/plugins/start.go:49.2,50.20 2 0
github.com/meshplus/pier/pkg/plugins/start.go:58.2,59.16 2 0
github.com/meshplus/pier/pkg/plugins/start.go:63.2,63.30 1 0
github.com/meshplus/pier/pkg/plugins/start.go:22.16,24.3 1 0
github.com/meshplus/pier/pkg/plugins/start.go:39.16,41.3 1 1
github.com/meshplus/pier/pkg/plugins/start.go:45.16,47.3 1 0
github.com/meshplus/pier/pkg/plugins/start.go:51.19,52.31 1 0
github.com/meshplus/pier/pkg/plugins/start.go:53.10,54.57 1 0
github.com/meshplus/pier/pkg/plugins/start.go:59.16,61.3 1 0
